C:\Users\Shivek S Mittal\Desktop\angular\AgriBoostAPI\AgriBoostFrontend\dist\out-tsc\app\app.component.js
C:\Users\Shivek S Mittal\Desktop\angular\AgriBoostAPI\AgriBoostFrontend\dist\out-tsc\app\app.routes.js
C:\Users\Shivek S Mittal\Desktop\angular\AgriBoostAPI\AgriBoostFrontend\dist\out-tsc\app\app.config.js
C:\Users\Shivek S Mittal\Desktop\angular\AgriBoostAPI\AgriBoostFrontend\dist\out-tsc\app\app.routes.server.js
C:\Users\Shivek S Mittal\Desktop\angular\AgriBoostAPI\AgriBoostFrontend\dist\out-tsc\app\app.config.server.js
C:\Users\Shivek S Mittal\Desktop\angular\AgriBoostAPI\AgriBoostFrontend\dist\out-tsc\main.server.js
C:\Users\Shivek S Mittal\Desktop\angular\AgriBoostAPI\AgriBoostFrontend\dist\out-tsc\main.js
C:\Users\Shivek S Mittal\Desktop\angular\AgriBoostAPI\AgriBoostFrontend\dist\out-tsc\server.js
C:\Users\Shivek S Mittal\Desktop\angular\AgriBoostAPI\AgriBoostFrontend\dist\out-tsc\app\app.component.spec.js
C:\Users\Shivek S Mittal\Desktop\angular\AgriBoostAPI\AgriBoostFrontend\dist\out-tsc\app\components\carousel\carousel.component.js
C:\Users\Shivek S Mittal\Desktop\angular\AgriBoostAPI\AgriBoostFrontend\dist\out-tsc\app\components\carousel\carousel.component.spec.js
C:\Users\Shivek S Mittal\Desktop\angular\AgriBoostAPI\AgriBoostFrontend\dist\out-tsc\app\components\footer\footer.component.js
C:\Users\Shivek S Mittal\Desktop\angular\AgriBoostAPI\AgriBoostFrontend\dist\out-tsc\app\components\footer\footer.component.spec.js
C:\Users\Shivek S Mittal\Desktop\angular\AgriBoostAPI\AgriBoostFrontend\dist\out-tsc\app\components\hero-section\hero-section.component.js
C:\Users\Shivek S Mittal\Desktop\angular\AgriBoostAPI\AgriBoostFrontend\dist\out-tsc\app\components\hero-section\hero-section.component.spec.js
C:\Users\Shivek S Mittal\Desktop\angular\AgriBoostAPI\AgriBoostFrontend\dist\out-tsc\app\components\navbar\navbar.component.js
C:\Users\Shivek S Mittal\Desktop\angular\AgriBoostAPI\AgriBoostFrontend\dist\out-tsc\app\components\navbar\navbar.component.spec.js
C:\Users\Shivek S Mittal\Desktop\angular\AgriBoostAPI\AgriBoostFrontend\dist\out-tsc\app\components\sidebar\sidebar.component.js
C:\Users\Shivek S Mittal\Desktop\angular\AgriBoostAPI\AgriBoostFrontend\dist\out-tsc\app\components\sidebar\sidebar.component.spec.js
C:\Users\Shivek S Mittal\Desktop\angular\AgriBoostAPI\AgriBoostFrontend\dist\out-tsc\app\pages\dashboard\dashboard.component.js
C:\Users\Shivek S Mittal\Desktop\angular\AgriBoostAPI\AgriBoostFrontend\dist\out-tsc\app\pages\dashboard\dashboard.component.spec.js
C:\Users\Shivek S Mittal\Desktop\angular\AgriBoostAPI\AgriBoostFrontend\dist\out-tsc\app\pages\login\login.component.js
C:\Users\Shivek S Mittal\Desktop\angular\AgriBoostAPI\AgriBoostFrontend\dist\out-tsc\app\pages\login\login.component.spec.js
C:\Users\Shivek S Mittal\Desktop\angular\AgriBoostAPI\AgriBoostFrontend\dist\out-tsc\app\pages\marketplace\marketplace.component.js
C:\Users\Shivek S Mittal\Desktop\angular\AgriBoostAPI\AgriBoostFrontend\dist\out-tsc\app\pages\marketplace\marketplace.component.spec.js
C:\Users\Shivek S Mittal\Desktop\angular\AgriBoostAPI\AgriBoostFrontend\dist\out-tsc\app\services\order.service.js
C:\Users\Shivek S Mittal\Desktop\angular\AgriBoostAPI\AgriBoostFrontend\dist\out-tsc\app\pages\orders\orders.component.js
C:\Users\Shivek S Mittal\Desktop\angular\AgriBoostAPI\AgriBoostFrontend\dist\out-tsc\app\pages\orders\orders.component.spec.js
C:\Users\Shivek S Mittal\Desktop\angular\AgriBoostAPI\AgriBoostFrontend\dist\out-tsc\app\services\price-prediction.service.js
C:\Users\Shivek S Mittal\Desktop\angular\AgriBoostAPI\AgriBoostFrontend\dist\out-tsc\app\pages\price-prediction\price-prediction.component.js
C:\Users\Shivek S Mittal\Desktop\angular\AgriBoostAPI\AgriBoostFrontend\dist\out-tsc\app\pages\price-prediction\price-prediction.component.spec.js
C:\Users\Shivek S Mittal\Desktop\angular\AgriBoostAPI\AgriBoostFrontend\dist\out-tsc\app\pages\profile\profile.component.js
C:\Users\Shivek S Mittal\Desktop\angular\AgriBoostAPI\AgriBoostFrontend\dist\out-tsc\app\pages\profile\profile.component.spec.js
C:\Users\Shivek S Mittal\Desktop\angular\AgriBoostAPI\AgriBoostFrontend\dist\out-tsc\app\pages\register\register.component.js
C:\Users\Shivek S Mittal\Desktop\angular\AgriBoostAPI\AgriBoostFrontend\dist\out-tsc\app\pages\register\register.component.spec.js
C:\Users\Shivek S Mittal\Desktop\angular\AgriBoostAPI\AgriBoostFrontend\dist\out-tsc\app\pages\schemes\schemes.component.js
C:\Users\Shivek S Mittal\Desktop\angular\AgriBoostAPI\AgriBoostFrontend\dist\out-tsc\app\pages\schemes\schemes.component.spec.js
C:\Users\Shivek S Mittal\Desktop\angular\AgriBoostAPI\AgriBoostFrontend\dist\out-tsc\app\services\auth.service.spec.js
C:\Users\Shivek S Mittal\Desktop\angular\AgriBoostAPI\AgriBoostFrontend\dist\out-tsc\app\services\auth.service.js
C:\Users\Shivek S Mittal\Desktop\angular\AgriBoostAPI\AgriBoostFrontend\dist\out-tsc\app\services\order.service.spec.js
C:\Users\Shivek S Mittal\Desktop\angular\AgriBoostAPI\AgriBoostFrontend\dist\out-tsc\app\services\price-prediction.service.spec.js
C:\Users\Shivek S Mittal\Desktop\angular\AgriBoostAPI\AgriBoostFrontend\dist\out-tsc\app\services\product.service.js
C:\Users\Shivek S Mittal\Desktop\angular\AgriBoostAPI\AgriBoostFrontend\dist\out-tsc\app\services\product.service.spec.js
